<?xml version="1.0" encoding="UTF-8"?>
<!-- Generated by org.testng.reporters.JUnitReportReporter -->
<testsuite hostname="SRIRAM" failures="0" tests="1" name="com.testing.SignIn" time="30.689" errors="0" timestamp="2022-10-04T09:33:53 IST" skipped="0">
  <testcase classname="com.testing.SignIn" name="signinTest" time="30.689"/>
  <system-out/>
</testsuite> <!-- com.testing.SignIn -->
